<?xml version="1.0" encoding="UTF-8"?>
<!-- Generated by org.testng.reporters.JUnitXMLReporter -->
<testsuite ignored="16" hostname="DESKTOP-C1FO4PM" failures="19" tests="33" name="ChromrTest" time="594.224" errors="0" timestamp="2025-07-17T15:28:34 IST">
  <testcase classname="testCases.TC001_AccountRegistrationTest" name="verify_account_registration" time="17.664">
    <failure type="java.lang.AssertionError" message="null">
      <![CDATA[java.lang.AssertionError: null
at testCases.TC001_AccountRegistrationTest.verify_account_registration(TC001_AccountRegistrationTest.java:58)
at java.base/java.util.ArrayList.forEach(ArrayList.java:1596)
... Removed 31 stack frames]]>
    </failure>
  </testcase> <!-- verify_account_registration -->
  <testcase classname="testCases.TC002_LoginPageTest" name="verifyLogin" time="4.169">
    <failure type="java.lang.AssertionError" message="null">
      <![CDATA[java.lang.AssertionError: null
at testCases.TC002_LoginPageTest.verifyLogin(TC002_LoginPageTest.java:40)
at java.base/java.util.ArrayList.forEach(ArrayList.java:1596)
... Removed 31 stack frames]]>
    </failure>
  </testcase> <!-- verifyLogin -->
  <testcase classname="testCases.TC007_AddToCartPLPTest" name="PLPAddToCart" time="38.763"/>
  <testcase classname="testCases.TC008_WishListPDP" name="PDPAddToWishList" time="48.579"/>
  <testcase classname="testCases.TC008_WishListPDP" name="PDPRemoveFromWishList" time="2.599"/>
  <testcase classname="testCases.TC004_AddToCart" name="AddToCart" time="55.965"/>
  <testcase classname="testCases.TC009_Minicart" name="addToWishListInMiniCartPage" time="2.048"/>
  <testcase classname="testCases.TC009_Minicart" name="removeFromWishListInCartPage" time="4.058"/>
  <testcase classname="testCases.TC009_Minicart" name="increaseProductQuanityInMiniCart" time="17.53"/>
  <testcase classname="testCases.TC009_Minicart" name="decreaseProductQuanityInMiniCart" time="13.382"/>
  <testcase classname="testCases.TC009_Minicart" name="applyCouponCodeValidation" time="10.836">
    <failure type="java.lang.AssertionError" message="null">
      <![CDATA[java.lang.AssertionError: null
at testCases.TC009_Minicart.applyCouponCodeValidation(TC009_Minicart.java:137)
at java.base/java.util.ArrayList.forEach(ArrayList.java:1596)
... Removed 31 stack frames]]>
    </failure>
  </testcase> <!-- applyCouponCodeValidation -->
  <testcase classname="testCases.TC009_Minicart" name="removeCouponCodeValidation" time="15.158">
    <failure type="java.lang.AssertionError" message="null">
      <![CDATA[java.lang.AssertionError: null
at testCases.TC009_Minicart.removeCouponCodeValidation(TC009_Minicart.java:158)
at java.base/java.util.ArrayList.forEach(ArrayList.java:1596)
... Removed 31 stack frames]]>
    </failure>
  </testcase> <!-- removeCouponCodeValidation -->
  <testcase classname="testCases.TC009_Minicart" name="removeProductFromMiniCart" time="2.534"/>
  <testcase classname="testCases.TC006_AddFreeBeeToCart" name="addFreeBeeValidation" time="62.222">
    <failure type="java.lang.AssertionError" message="null">
      <![CDATA[java.lang.AssertionError: null
at testCases.TC006_AddFreeBeeToCart.addFreeBeeValidation(TC006_AddFreeBeeToCart.java:35)
at java.base/java.util.ArrayList.forEach(ArrayList.java:1596)
... Removed 31 stack frames]]>
    </failure>
  </testcase> <!-- addFreeBeeValidation -->
  <testcase classname="testCases.TC006_AddFreeBeeToCart" name="removeFreeBeeValidation" time="2.061">
    <failure type="java.lang.AssertionError" message="null">
      <![CDATA[java.lang.AssertionError: null
at testCases.TC006_AddFreeBeeToCart.removeFreeBeeValidation(TC006_AddFreeBeeToCart.java:62)
at java.base/java.util.ArrayList.forEach(ArrayList.java:1596)
... Removed 31 stack frames]]>
    </failure>
  </testcase> <!-- removeFreeBeeValidation -->
  <testcase classname="testCases.TC006_AddFreeBeeToCart" name="addToWishListInCartPage" time="6.926"/>
  <testcase classname="testCases.TC006_AddFreeBeeToCart" name="removeFromWishListInCartPage" time="3.963"/>
  <testcase classname="testCases.TC006_AddFreeBeeToCart" name="increaseProductQuanityInCartPage" time="17.549"/>
  <testcase classname="testCases.TC006_AddFreeBeeToCart" name="decreaseProductQuanityInCartPage" time="15.475"/>
  <testcase classname="testCases.TC006_AddFreeBeeToCart" name="addCouponCodeInCartPageValidation" time="13.056">
    <failure type="java.lang.AssertionError" message="null">
      <![CDATA[java.lang.AssertionError: null
at testCases.TC006_AddFreeBeeToCart.addCouponCodeInCartPageValidation(TC006_AddFreeBeeToCart.java:89)
at java.base/java.util.ArrayList.forEach(ArrayList.java:1596)
... Removed 31 stack frames]]>
    </failure>
  </testcase> <!-- addCouponCodeInCartPageValidation -->
  <testcase classname="testCases.TC006_AddFreeBeeToCart" name="removeCouponCodeInCartPageValidation" time="15.165">
    <failure type="java.lang.AssertionError" message="null">
      <![CDATA[java.lang.AssertionError: null
at testCases.TC006_AddFreeBeeToCart.removeCouponCodeInCartPageValidation(TC006_AddFreeBeeToCart.java:108)
at java.base/java.util.ArrayList.forEach(ArrayList.java:1596)
... Removed 31 stack frames]]>
    </failure>
  </testcase> <!-- removeCouponCodeInCartPageValidation -->
  <testcase classname="testCases.TC006_AddFreeBeeToCart" name="removeProductFromCart" time="7.189"/>
  <testcase classname="testCases.TC010_Checkoutpage" name="applyLoyaltyPointToCart" time="66.02">
    <failure type="java.lang.AssertionError" message="null">
      <![CDATA[java.lang.AssertionError: null
at testCases.TC010_Checkoutpage.applyLoyaltyPointToCart(TC010_Checkoutpage.java:41)
at java.base/java.util.ArrayList.forEach(ArrayList.java:1596)
... Removed 31 stack frames]]>
    </failure>
  </testcase> <!-- applyLoyaltyPointToCart -->
  <testcase classname="testCases.TC010_Checkoutpage" name="removeLoyaltyPointToCart" time="20.06">
    <failure type="java.lang.AssertionError" message="null">
      <![CDATA[java.lang.AssertionError: null
at testCases.TC010_Checkoutpage.removeLoyaltyPointToCart(TC010_Checkoutpage.java:68)
at java.base/java.util.ArrayList.forEach(ArrayList.java:1596)
... Removed 31 stack frames]]>
    </failure>
  </testcase> <!-- removeLoyaltyPointToCart -->
  <testcase classname="testCases.TC010_Checkoutpage" name="addNewAddress" time="3.051">
    <failure type="java.lang.AssertionError" message="null">
      <![CDATA[java.lang.AssertionError: null
at testCases.TC010_Checkoutpage.addNewAddress(TC010_Checkoutpage.java:105)
at java.base/java.util.ArrayList.forEach(ArrayList.java:1596)
... Removed 31 stack frames]]>
    </failure>
  </testcase> <!-- addNewAddress -->
  <testcase classname="testCases.TC010_Checkoutpage" name="editNewAddress" time="15.414">
    <failure type="java.lang.AssertionError" message="null">
      <![CDATA[java.lang.AssertionError: null
at testCases.TC010_Checkoutpage.editNewAddress(TC010_Checkoutpage.java:149)
at java.base/java.util.ArrayList.forEach(ArrayList.java:1596)
... Removed 31 stack frames]]>
    </failure>
  </testcase> <!-- editNewAddress -->
  <testcase classname="testCases.TC010_Checkoutpage" name="addAlternateNewAddress" time="30.057">
    <failure type="java.lang.AssertionError" message="null">
      <![CDATA[java.lang.AssertionError: null
at testCases.TC010_Checkoutpage.addAlternateNewAddress(TC010_Checkoutpage.java:188)
at java.base/java.util.ArrayList.forEach(ArrayList.java:1596)
... Removed 31 stack frames]]>
    </failure>
  </testcase> <!-- addAlternateNewAddress -->
  <testcase classname="testCases.TC011_OrderPlace" name="orderPlacing" time="68.836">
    <failure type="java.lang.AssertionError" message="null">
      <![CDATA[java.lang.AssertionError: null
at testCases.TC011_OrderPlace.orderPlacing(TC011_OrderPlace.java:52)
at java.base/java.util.ArrayList.forEach(ArrayList.java:1596)
... Removed 31 stack frames]]>
    </failure>
  </testcase> <!-- orderPlacing -->
  <testcase classname="testCases.TC011_OrderPlace" name="orderPlacing" time="1.095">
    <failure type="java.lang.AssertionError" message="null">
      <![CDATA[java.lang.AssertionError: null
at testCases.TC011_OrderPlace.orderPlacing(TC011_OrderPlace.java:52)
at java.base/java.util.ArrayList.forEach(ArrayList.java:1596)
... Removed 31 stack frames]]>
    </failure>
  </testcase> <!-- orderPlacing -->
  <testcase classname="testCases.TC011_OrderPlace" name="orderPlacing" time="1.127">
    <failure type="java.lang.AssertionError" message="null">
      <![CDATA[java.lang.AssertionError: null
at testCases.TC011_OrderPlace.orderPlacing(TC011_OrderPlace.java:52)
at java.base/java.util.ArrayList.forEach(ArrayList.java:1596)
... Removed 31 stack frames]]>
    </failure>
  </testcase> <!-- orderPlacing -->
  <testcase classname="testCases.TC011_OrderPlace" name="orderPlacing" time="1.12">
    <failure type="java.lang.AssertionError" message="null">
      <![CDATA[java.lang.AssertionError: null
at testCases.TC011_OrderPlace.orderPlacing(TC011_OrderPlace.java:52)
at java.base/java.util.ArrayList.forEach(ArrayList.java:1596)
... Removed 31 stack frames]]>
    </failure>
  </testcase> <!-- orderPlacing -->
  <testcase classname="testCases.TC011_OrderPlace" name="orderPlacing" time="1.646">
    <failure type="java.lang.AssertionError" message="null">
      <![CDATA[java.lang.AssertionError: null
at testCases.TC011_OrderPlace.orderPlacing(TC011_OrderPlace.java:52)
at java.base/java.util.ArrayList.forEach(ArrayList.java:1596)
... Removed 31 stack frames]]>
    </failure>
  </testcase> <!-- orderPlacing -->
  <testcase classname="testCases.TC011_OrderPlace" name="orderPlacing" time="1.14">
    <failure type="java.lang.AssertionError" message="null">
      <![CDATA[java.lang.AssertionError: null
at testCases.TC011_OrderPlace.orderPlacing(TC011_OrderPlace.java:52)
at java.base/java.util.ArrayList.forEach(ArrayList.java:1596)
... Removed 31 stack frames]]>
    </failure>
  </testcase> <!-- orderPlacing -->
  <testcase classname="testCases.BaseClass" name="@BeforeSuite setup" time="0.0">
    <ignored/>
  </testcase> <!-- @BeforeSuite setup -->
  <testcase classname="testCases.BaseClass" name="@BeforeSuite setup" time="0.0">
    <ignored/>
  </testcase> <!-- @BeforeSuite setup -->
  <testcase classname="testCases.BaseClass" name="@BeforeSuite setup" time="0.0">
    <ignored/>
  </testcase> <!-- @BeforeSuite setup -->
  <testcase classname="testCases.BaseClass" name="@AfterSuite teardown" time="0.0">
    <ignored/>
  </testcase> <!-- @AfterSuite teardown -->
  <testcase classname="testCases.BaseClass" name="@BeforeSuite setup" time="0.0">
    <ignored/>
  </testcase> <!-- @BeforeSuite setup -->
  <testcase classname="testCases.BaseClass" name="@AfterSuite teardown" time="0.0">
    <ignored/>
  </testcase> <!-- @AfterSuite teardown -->
  <testcase classname="testCases.BaseClass" name="@BeforeSuite setup" time="0.0">
    <ignored/>
  </testcase> <!-- @BeforeSuite setup -->
  <testcase classname="testCases.BaseClass" name="@BeforeSuite setup" time="0.0">
    <ignored/>
  </testcase> <!-- @BeforeSuite setup -->
  <testcase classname="testCases.BaseClass" name="@AfterSuite teardown" time="0.0">
    <ignored/>
  </testcase> <!-- @AfterSuite teardown -->
  <testcase classname="testCases.BaseClass" name="@BeforeSuite setup" time="0.0">
    <ignored/>
  </testcase> <!-- @BeforeSuite setup -->
  <testcase classname="testCases.BaseClass" name="@AfterSuite teardown" time="0.0">
    <ignored/>
  </testcase> <!-- @AfterSuite teardown -->
  <testcase classname="testCases.BaseClass" name="@AfterSuite teardown" time="0.0">
    <ignored/>
  </testcase> <!-- @AfterSuite teardown -->
  <testcase classname="testCases.BaseClass" name="@BeforeSuite setup" time="0.0">
    <ignored/>
  </testcase> <!-- @BeforeSuite setup -->
  <testcase classname="testCases.BaseClass" name="@AfterSuite teardown" time="0.0">
    <ignored/>
  </testcase> <!-- @AfterSuite teardown -->
  <testcase classname="testCases.BaseClass" name="@AfterSuite teardown" time="0.0">
    <ignored/>
  </testcase> <!-- @AfterSuite teardown -->
  <testcase classname="testCases.BaseClass" name="@AfterSuite teardown" time="0.0">
    <ignored/>
  </testcase> <!-- @AfterSuite teardown -->
</testsuite> <!-- ChromrTest -->
