<?xml version="1.0" encoding="UTF-8"?>
<!-- Generated by org.testng.reporters.JUnitReportReporter -->
<testsuite hostname="DESKTOP-C1FO4PM" failures="0" tests="2" name="testCases.TC008_WishListPDP" time="51.178" errors="0" timestamp="2025-07-17T15:28:37 IST" skipped="0">
  <testcase classname="testCases.TC008_WishListPDP" name="PDPAddToWishList" time="48.579"/>
  <testcase classname="testCases.TC008_WishListPDP" name="PDPRemoveFromWishList" time="2.599"/>
</testsuite> <!-- testCases.TC008_WishListPDP -->
